=========================================================================
Log Path: iStabi_2026-01-16_11-23-48.log
Program Path: C:/Users/Emi/OneDrive/UofA
Research/iStabi/istabi/vignettes/Unidentified model.qmd
Working Directory: C:/Users/Emi/OneDrive/UofA Research/iStabi/istabi/vignettes
User Name: Emi
R Version: 4.4.1 (2024-06-14 ucrt)
Machine: DAUD8370BRF x86-64
Operating System: Windows 10 x64 build 19045
Base Packages: stats graphics grDevices utils datasets methods base
Other Packages: iStabi_0.1.0 logr_1.3.8 common_1.1.3 lubridate_1.9.3
forcats_1.0.0 stringr_1.5.1 dplyr_1.1.4 purrr_1.0.2 readr_2.1.5 tidyr_1.3.1
tibble_3.2.1 ggplot2_3.5.1 tidyverse_2.0.0 vars_1.6-1 lmtest_0.9-40 urca_1.3-4
strucchange_1.5-4 sandwich_3.1-1 zoo_1.8-12 MASS_7.3-61
Log Start Time: 2026-01-16 11:23:48.942737
=========================================================================
Local search? true
NOTE: Log Print Time:  2026-01-16 11:23:48.946719
NOTE: Elapsed Time: 0.00232386589050293 secs
11:23. Do a GLOBAL search. nextRows contains all row numbers in the Grid.
NOTE: Log Print Time:  2026-01-16 11:23:48.949304
NOTE: Elapsed Time: 0.00258517265319824 secs
Calling garbage collector before repeat to start exploration
NOTE: Log Print Time:  2026-01-16 11:23:48.951668
NOTE: Elapsed Time: 0.00236392021179199 secs
          used (Mb) gc trigger  (Mb) max used  (Mb)
Ncells 1509516 80.7    2323320 124.1  2323320 124.1
Vcells 7319332 55.9   22505962 171.8 19741788 150.7
NOTE: Log Print Time:  2026-01-16 11:23:49.168541
NOTE: Elapsed Time: 0.216872930526733 secs
11:23(top of repeat loop). Starting an exploration
NOTE: Log Print Time:  2026-01-16 11:23:49.171541
NOTE: Elapsed Time: 0.00300002098083496 secs
11:23hs. (inside for loop). Exploring 398 points. The first point is [-1, -1].
The last point is [0.9, 0.8].
NOTE: Log Print Time:  2026-01-16 11:23:50.460599
NOTE: Elapsed Time: 1.289057970047 secs
11:24hs. (inside for loop). Finished computing test values for this batch. Now
about to update the Grid
NOTE: Log Print Time:  2026-01-16 11:24:34.291753
NOTE: Elapsed Time: 43.8311541080475 secs
11:24hs. (inside for loop). Saving explored rows to file.
NOTE: Log Print Time:  2026-01-16 11:24:34.296165
NOTE: Elapsed Time: 0.00441193580627441 secs
Calling garbage collector after finishing this batch in the for loop
NOTE: Log Print Time:  2026-01-16 11:24:34.303121
NOTE: Elapsed Time: 0.00695610046386719 secs
          used (Mb) gc trigger  (Mb) max used  (Mb)
Ncells 1590613 85.0    2959437 158.1  2323320 124.1
Vcells 7512635 57.4   22505962 171.8 19741788 150.7
NOTE: Log Print Time:  2026-01-16 11:24:34.559479
NOTE: Elapsed Time: 0.256357908248901 secs
# A tibble: 2 × 4
  time                length_minutes npoints points_per_minute
  <dttm>                       <dbl>   <dbl>             <dbl>
1 2026-01-16 11:23:49         NA          NA               NA 
2 2026-01-16 11:24:34          0.756     398              526.
NOTE: Data frame has 2 rows and 4 columns.
NOTE: Log Print Time:  2026-01-16 11:24:34.879854
NOTE: Elapsed Time: 0.320374965667725 secs
Perseverance has landed.
NOTE: Log Print Time:  2026-01-16 11:24:34.882881
NOTE: Elapsed Time: 0.00302696228027344 secs
The grid should have: 1600 rows
NOTE: Log Print Time:  2026-01-16 14:09:35.573741
NOTE: Elapsed Time: 2.75019190556473 hours
