=========================================================================
Log Path: iStabi_2026-01-16_14-10-00.log
Program Path: C:/Users/Emi/OneDrive/UofA
Research/iStabi/istabi/vignettes/Unidentified model.qmd
Working Directory: C:/Users/Emi/OneDrive/UofA Research/iStabi/istabi/vignettes
User Name: Emi
R Version: 4.4.1 (2024-06-14 ucrt)
Machine: DAUD8370BRF x86-64
Operating System: Windows 10 x64 build 19045
Base Packages: stats graphics grDevices utils datasets methods base
Other Packages: iStabi_0.1.0 logr_1.3.8 common_1.1.3 lubridate_1.9.3
forcats_1.0.0 stringr_1.5.1 dplyr_1.1.4 purrr_1.0.2 readr_2.1.5 tidyr_1.3.1
tibble_3.2.1 ggplot2_3.5.1 tidyverse_2.0.0 vars_1.6-1 lmtest_0.9-40 urca_1.3-4
strucchange_1.5-4 sandwich_3.1-1 zoo_1.8-12 MASS_7.3-61
Log Start Time: 2026-01-16 14:11:09.914852
=========================================================================
Local search? true
NOTE: Log Print Time:  2026-01-16 14:11:09.918792
NOTE: Elapsed Time: 0.0026240348815918 secs
14:11. Do a GLOBAL search. nextRows contains all row numbers in the Grid.
NOTE: Log Print Time:  2026-01-16 14:11:09.921209
NOTE: Elapsed Time: 0.00241708755493164 secs
Calling garbage collector before repeat to start exploration
NOTE: Log Print Time:  2026-01-16 14:11:09.923376
NOTE: Elapsed Time: 0.0021669864654541 secs
          used (Mb) gc trigger  (Mb) max used  (Mb)
Ncells 1718983 91.9    2959437 158.1  2959437 158.1
Vcells 7726035 59.0   26067668 198.9 30335988 231.5
NOTE: Log Print Time:  2026-01-16 14:11:10.033522
NOTE: Elapsed Time: 0.110145807266235 secs
14:11(top of repeat loop). Starting an exploration
NOTE: Log Print Time:  2026-01-16 14:11:10.035901
NOTE: Elapsed Time: 0.00237917900085449 secs
14:11hs. (inside for loop). Exploring 1598 points. The first point is [-1, -1].
The last point is [0.95, 0.9].
NOTE: Log Print Time:  2026-01-16 14:11:10.492439
NOTE: Elapsed Time: 0.456537961959839 secs
14:13hs. (inside for loop). Finished computing test values for this batch. Now
about to update the Grid
NOTE: Log Print Time:  2026-01-16 14:13:28.28678
NOTE: Elapsed Time: 2.29657235145569 mins
14:13hs. (inside for loop). Saving explored rows to file.
NOTE: Log Print Time:  2026-01-16 14:13:28.290107
NOTE: Elapsed Time: 0.0033268928527832 secs
Calling garbage collector after finishing this batch in the for loop
NOTE: Log Print Time:  2026-01-16 14:13:28.296323
NOTE: Elapsed Time: 0.00621604919433594 secs
          used (Mb) gc trigger  (Mb) max used  (Mb)
Ncells 1719526 91.9    2959437 158.1  2959437 158.1
Vcells 7735282 59.1   26067668 198.9 30335988 231.5
NOTE: Log Print Time:  2026-01-16 14:13:28.402536
NOTE: Elapsed Time: 0.106212854385376 secs
# A tibble: 2 × 4
  time                length_minutes npoints points_per_minute
  <dttm>                       <dbl>   <dbl>             <dbl>
1 2026-01-16 14:11:10          NA         NA               NA 
2 2026-01-16 14:13:28           2.31    1598              693.
NOTE: Data frame has 2 rows and 4 columns.
NOTE: Log Print Time:  2026-01-16 14:13:28.483339
NOTE: Elapsed Time: 0.0808031558990479 secs
Perseverance has landed.
NOTE: Log Print Time:  2026-01-16 14:13:28.485711
NOTE: Elapsed Time: 0.00237202644348145 secs
Warning: replacing previous import ‘purrr::transpose’ by
‘data.table::transpose’ when loading ‘iStabi’
NOTE: Log Print Time:  2026-01-16 16:39:31.075565
NOTE: Elapsed Time: 2.43405273722278 hours
Warning: replacing previous import ‘data.table::first’ by ‘dplyr::first’ when
loading ‘iStabi’
NOTE: Log Print Time:  2026-01-16 16:39:31.234049
NOTE: Elapsed Time: 0.158483982086182 secs
Warning: replacing previous import ‘data.table::last’ by ‘dplyr::last’ when
loading ‘iStabi’
NOTE: Log Print Time:  2026-01-16 16:39:31.236459
NOTE: Elapsed Time: 0.00240993499755859 secs
Warning: replacing previous import ‘data.table::between’ by ‘dplyr::between’
when loading ‘iStabi’
NOTE: Log Print Time:  2026-01-16 16:39:31.238658
NOTE: Elapsed Time: 0.00219893455505371 secs
