=========================================================================
Log Path: iStabi_2026-01-19_10-44-33.log
Program Path: C:/Program Files/Quarto/share/rmd/rmd.R
Working Directory: C:/Users/Emi/OneDrive/UofA Research/iStabi/istabi/vignettes
User Name: Emi
R Version: 4.4.1 (2024-06-14 ucrt)
Machine: DAUD8370BRF x86-64
Operating System: Windows 10 x64 build 22621
Base Packages: stats graphics grDevices utils datasets methods base
Other Packages: iStabi_0.1.0 plotly_4.10.4 lubridate_1.9.3 forcats_1.0.0
stringr_1.5.1 dplyr_1.1.4 purrr_1.0.2 readr_2.1.5 tidyr_1.3.1 tibble_3.2.1
ggplot2_3.5.1 tidyverse_2.0.0 vars_1.6-1 lmtest_0.9-40 urca_1.3-4
strucchange_1.5-4 sandwich_3.1-1 zoo_1.8-12 MASS_7.3-61
Log Start Time: 2026-01-19 10:44:33.847459
=========================================================================
Local search? true
NOTE: Log Print Time:  2026-01-19 10:44:33.849898
NOTE: Elapsed Time: 0.000968217849731445 secs
10:44. Do a GLOBAL search. nextRows contains all row numbers in the Grid.
NOTE: Log Print Time:  2026-01-19 10:44:33.851482
NOTE: Elapsed Time: 0.00158381462097168 secs
Calling garbage collector before repeat to start exploration
NOTE: Log Print Time:  2026-01-19 10:44:33.852675
NOTE: Elapsed Time: 0.00119304656982422 secs
          used (Mb) gc trigger  (Mb) max used  (Mb)
Ncells 1275249 68.2    2345585 125.3  2345585 125.3
Vcells 6337079 48.4   26835309 204.8 32762767 250.0
NOTE: Log Print Time:  2026-01-19 10:44:33.973582
NOTE: Elapsed Time: 0.120907068252563 secs
10:44(top of repeat loop). Starting an exploration
NOTE: Log Print Time:  2026-01-19 10:44:33.97466
NOTE: Elapsed Time: 0.00107789039611816 secs
10:44hs. (inside for loop). Exploring 1598 points. The first point is [-1, -1].
The last point is [0.95, 0.9].
NOTE: Log Print Time:  2026-01-19 10:44:35.035336
NOTE: Elapsed Time: 1.06067609786987 secs
10:46hs. (inside for loop). Finished computing test values for this batch. Now
about to update the Grid
NOTE: Log Print Time:  2026-01-19 10:46:52.556233
NOTE: Elapsed Time: 2.29201494852702 mins
10:46hs. (inside for loop). Saving explored rows to file.
NOTE: Log Print Time:  2026-01-19 10:46:52.558241
NOTE: Elapsed Time: 0.00200796127319336 secs
Calling garbage collector after finishing this batch in the for loop
NOTE: Log Print Time:  2026-01-19 10:46:52.564405
NOTE: Elapsed Time: 0.0061640739440918 secs
          used (Mb) gc trigger  (Mb) max used  (Mb)
Ncells 1362386 72.8    2345585 125.3  2345585 125.3
Vcells 6540656 50.0   26835309 204.8 32762767 250.0
NOTE: Log Print Time:  2026-01-19 10:46:52.635667
NOTE: Elapsed Time: 0.0712621212005615 secs
# A tibble: 2 × 4
  time                length_minutes npoints points_per_minute
  <dttm>                       <dbl>   <dbl>             <dbl>
1 2026-01-19 10:44:33          NA         NA               NA 
2 2026-01-19 10:46:52           2.31    1598              691.
NOTE: Data frame has 2 rows and 4 columns.
NOTE: Log Print Time:  2026-01-19 10:46:52.70377
NOTE: Elapsed Time: 0.0681028366088867 secs
Perseverance has landed.
NOTE: Log Print Time:  2026-01-19 10:46:52.705154
NOTE: Elapsed Time: 0.00138401985168457 secs
Error in eval(parse_only(code), envir = envir) : Calls: .main ...
.handleSimpleError -> h -> <Anonymous> -> cnd_signal -> signal_abort
Traceback:
22: stop(fallback)
21: signal_abort(cnd)
20: cnd_signal(entraced)
19: rlang::entrace(e)
18: h(simpleError(msg, call))
17: .handleSimpleError(function (e) 
    if (xfun::pkg_available("rlang", "1.0.0")) rlang::entrace(e), 
        "object 'NFIXPARAMS' not found", base::quote(eval(parse_only(code), 
            envir = envir)))
16: eval(parse_only(code), envir = envir)
15: eval(parse_only(code), envir = envir)
14: withVisible(eval(parse_only(code), envir = envir))
13: hook_eval(code[i], envir)
12: inline_exec(block)
11: in_dir(input_dir(), expr)
10: in_input_dir(inline_exec(block))
9: call_inline(x)
8: process_group(group)
7: withCallingHandlers(if (tangle) process_tangle(group) else process_group(group), 
       error = function(e) if (xfun::pkg_available("rlang", "1.0.0")) rlang::entrace(e))
6: xfun:::handle_error(withCallingHandlers(if (tangle) process_tangle(group) else process_group(group), 
       error = function(e) if (xfun::pkg_available("rlang", "1.0.0")) rlang::entrace(e)), 
       function(loc) {
           setwd(wd)
           write_utf8(res, output %n% stdout())
           paste0("\nQuitting from lines ", loc)
       }, if (labels[i] != "") sprintf(" [%s]", labels[i]), get_loc)
5: process_file(text, output)
4: knitr::knit(knit_input, knit_output, envir = envir, quiet = quiet)
3: rmarkdown::render(input = input, output_format = output_format, 
       knit_root_dir = knit_root_dir, params = params, run_pandoc = FALSE, 
       envir = env)
2: execute(params$input, params$format, params$tempDir, params$libDir, 
       params$dependencies, params$cwd, params$params, params$resourceDir, 
       params$handledLanguages, params$markdown)
1: .main()
NOTE: Log Print Time:  2026-01-19 10:46:52.796095
NOTE: Elapsed Time: 0.0909409523010254 secs
=========================================================================
Log End Time: 2026-01-19 10:46:52.798765
Log Elapsed Time: 0 00:02:18
=========================================================================
