=========================================================================
Log Path: log_file.txt.log
Program Path: C:/Users/Emi/OneDrive/UofA
Research/iStabi/istabi/vignettes/Unidentified model.qmd
Working Directory: C:/Users/Emi/OneDrive/UofA Research/iStabi/istabi/vignettes
User Name: Emi
R Version: 4.4.1 (2024-06-14 ucrt)
Machine: DAUD8370BRF x86-64
Operating System: Windows 10 x64 build 19045
Base Packages: stats graphics grDevices utils datasets methods base
Other Packages: logr_1.3.8 common_1.1.3 lubridate_1.9.3 forcats_1.0.0
stringr_1.5.1 dplyr_1.1.4 purrr_1.0.2 readr_2.1.5 tidyr_1.3.1 tibble_3.2.1
ggplot2_3.5.1 tidyverse_2.0.0 magrittr_2.0.3 vars_1.6-1 lmtest_0.9-40
urca_1.3-4 strucchange_1.5-4 sandwich_3.1-1 zoo_1.8-12 MASS_7.3-61 iStabi_0.1.0
Log Start Time: 2026-01-16 11:03:50.910159
=========================================================================
Local search? true
NOTE: Log Print Time:  2026-01-16 11:03:50.930284
NOTE: Elapsed Time: 0.00529193878173828 secs
Error in plan(multisession, workers = params$NCORES) : could not find function
"plan"
Traceback:
No traceback available
NOTE: Log Print Time:  2026-01-16 11:03:54.448062
NOTE: Elapsed Time: 3.51777791976929 secs
=========================================================================
Log End Time: 2026-01-16 11:03:54.45546
Log Elapsed Time: 0 00:00:03
=========================================================================
